<?xml version="1.0" encoding="UTF-8"?>
<!-- Generated by org.testng.reporters.JUnitReportReporter -->
<testsuite hostname="DESKTOP-PC4C8R1" failures="0" tests="1" name="eCommerce.Flipkart" time="11.635" errors="0" timestamp="2023-08-17T14:02:41 IST" skipped="0">
  <testcase classname="eCommerce.Flipkart" name="FlipkartTest" time="11.635"/>
  <system-out>
    <![CDATA[opening flipkart]]>
  </system-out>
</testsuite> <!-- eCommerce.Flipkart -->
