<?xml version="1.0" encoding="UTF-8"?>
<!-- Generated by org.testng.reporters.JUnitReportReporter -->
<testsuite hostname="DESKTOP-PC4C8R1" failures="0" tests="1" name="eCommerce.Amazon" time="12.127" errors="0" timestamp="2023-08-17T14:02:41 IST" skipped="0">
  <testcase classname="eCommerce.Amazon" name="AmazonTest" time="12.127"/>
  <system-out>
    <![CDATA[opening amazon]]>
  </system-out>
</testsuite> <!-- eCommerce.Amazon -->
