<?xml version="1.0" encoding="UTF-8"?>
<!-- Generated by org.testng.reporters.JUnitReportReporter -->
<testsuite hostname="DESKTOP-PC4C8R1" failures="0" tests="1" name="eCommerce.Ajio" time="15.927" errors="0" timestamp="2023-08-17T14:02:41 IST" skipped="0">
  <testcase classname="eCommerce.Ajio" name="AjioTest" time="15.927"/>
  <system-out>
    <![CDATA[opening flipkart]]>
  </system-out>
</testsuite> <!-- eCommerce.Ajio -->
